<?xml version='1.0' encoding='UTF-8'?>
<testsuite hostname="Tobys-MBP" name="test.dataLayerTest" tests="1" errors="0" failures="0" skipped="0" time="0.817" timestamp="2023-02-15T01:35:28">
          <properties>
[...]
</properties>
          <testcase classname="test.dataLayerTest" name="Data layer correctly deserialises json array into Movie case classes" time="0.817">
                      
                    </testcase>
          <system-out><![CDATA[]]></system-out>
          <system-err><![CDATA[]]></system-err>
        </testsuite>